#
# There is insufficient memory for the Java Runtime Environment to continue.
# Native memory allocation (mmap) failed to map 132120576 bytes for G1 virtual space
# Possible reasons:
#   The system is out of physical RAM or swap space
#   The process is running with CompressedOops enabled, and the Java Heap may be blocking the growth of the native heap
# Possible solutions:
#   Reduce memory load on the system
#   Increase physical memory or swap space
#   Check if swap backing store is full
#   Decrease Java heap size (-Xmx/-Xms)
#   Decrease number of Java threads
#   Decrease Java thread stack sizes (-Xss)
#   Set larger code cache with -XX:ReservedCodeCacheSize=
#   JVM is running with Unscaled Compressed Oops mode in which the Java heap is
#     placed in the first 4GB address space. The Java Heap base address is the
#     maximum limit for the native heap growth. Please use -XX:HeapBaseMinAddress
#     to set the Java Heap base and to place the Java Heap above 4GB virtual address.
# This output file may be truncated or incomplete.
#
#  Out of Memory Error (os_windows.cpp:3600), pid=29920, tid=28548
#
# JRE version:  (21.0.1+12) (build )
# Java VM: OpenJDK 64-Bit Server VM (21.0.1+12-LTS, mixed mode, emulated-client, sharing, tiered, compressed oops, compressed class ptrs, g1 gc, windows-amd64)
# No core dump will be written. Minidumps are not enabled by default on client versions of Windows
#

---------------  S U M M A R Y ------------

Command Line: -XX:TieredStopAtLevel=1 pe.edu.upeu.asistencia.SysAsistenciaAnApplication

Host: 11th Gen Intel(R) Core(TM) i5-1135G7 @ 2.40GHz, 8 cores, 7G,  Windows 11 , 64 bit Build 22621 (10.0.22621.3958)
Time: Mon Sep 23 19:40:47 2024 Hora est. Pacífico, Sudamérica elapsed time: 0.037859 seconds (0d 0h 0m 0s)

---------------  T H R E A D  ---------------

Current thread (0x00000112e46d5500):  JavaThread "Unknown thread" [_thread_in_vm, id=28548, stack(0x000000121ce00000,0x000000121cf00000) (1024K)]

Stack: [0x000000121ce00000,0x000000121cf00000]
Native frames: (J=compiled Java code, j=interpreted, Vv=VM code, C=native code)
V  [jvm.dll+0x6c7789]
V  [jvm.dll+0x8a2011]
V  [jvm.dll+0x8a44ae]
V  [jvm.dll+0x8a4b83]
V  [jvm.dll+0x27f936]
V  [jvm.dll+0x6c3f05]
V  [jvm.dll+0x6b8bfa]
V  [jvm.dll+0x35363a]
V  [jvm.dll+0x35b1e6]
V  [jvm.dll+0x3ac2be]
V  [jvm.dll+0x3ac568]
V  [jvm.dll+0x32787c]
V  [jvm.dll+0x3283db]
V  [jvm.dll+0x86b0f9]
V  [jvm.dll+0x3b9271]
V  [jvm.dll+0x8532c8]
V  [jvm.dll+0x44cffe]
V  [jvm.dll+0x44ea81]
C  [jli.dll+0x5278]
C  [ucrtbase.dll+0x29333]
C  [KERNEL32.DLL+0x1257d]
C  [ntdll.dll+0x5af28]


---------------  P R O C E S S  ---------------

Threads class SMR info:
_java_thread_list=0x00007ffb8c97e088, length=0, elements={
}

Java Threads: ( => current thread )
Total: 0

Other Threads:
  0x00000112e6857f10 WorkerThread "GC Thread#0"                     [id=20004, stack(0x000000121cf00000,0x000000121d000000) (1024K)]
  0x00000112e686a860 ConcurrentGCThread "G1 Main Marker"            [id=29440, stack(0x000000121d000000,0x000000121d100000) (1024K)]
  0x00000112e686b510 WorkerThread "G1 Conc#0"                       [id=3720, stack(0x000000121d100000,0x000000121d200000) (1024K)]

[error occurred during error reporting (printing all threads), id 0xc0000005, EXCEPTION_ACCESS_VIOLATION (0xc0000005) at pc=0x00007ffb8c08a1a7]
VM state: not at safepoint (not fully initialized)

VM Mutex/Monitor currently owned by a thread:  ([mutex/lock_event])
[0x00007ffb8c9f1b28] Heap_lock - owner thread: 0x00000112e46d5500

Heap address: 0x0000000083600000, size: 1994 MB, Compressed Oops mode: 32-bit

CDS archive(s) mapped at: [0x0000000000000000-0x0000000000000000-0x0000000000000000), size 0, SharedBaseAddress: 0x0000000800000000, ArchiveRelocationMode: 1.
Narrow klass base: 0x0000000000000000, Narrow klass shift: 0, Narrow klass range: 0x0

GC Precious Log:
 CardTable entry size: 512
 Card Set container configuration: InlinePtr #cards 5 size 8 Array Of Cards #cards 12 size 40 Howl #buckets 4 coarsen threshold 1843 Howl Bitmap #cards 512 size 80 coarsen threshold 460 Card regions per heap region 1 cards per card region 2048

Heap:
 garbage-first heap   total 0K, used 0K [0x0000000083600000, 0x0000000100000000)
  region size 1024K, 0 young (0K), 0 survivors (0K)

[error occurred during error reporting (printing heap information), id 0xc0000005, EXCEPTION_ACCESS_VIOLATION (0xc0000005) at pc=0x00007ffb8c4705d9]
GC Heap History (0 events):
No events

Dll operation events (1 events):
Event: 0.019 Loaded shared library C:\Program Files\Eclipse Adoptium\jdk-21.0.1.12-hotspot\bin\java.dll

Deoptimization events (0 events):
No events

Classes loaded (0 events):
No events

Classes unloaded (0 events):
No events

Classes redefined (0 events):
No events

Internal exceptions (0 events):
No events

ZGC Phase Switch (0 events):
No events

VM Operations (0 events):
No events

Events (0 events):
No events


Dynamic libraries:
0x00007ff6ed7b0000 - 0x00007ff6ed7be000 	C:\Program Files\Eclipse Adoptium\jdk-21.0.1.12-hotspot\bin\java.exe
0x00007ffbf4fb0000 - 0x00007ffbf51c7000 	C:\Windows\SYSTEM32\ntdll.dll
0x00007ffbf3440000 - 0x00007ffbf3504000 	C:\Windows\System32\KERNEL32.DLL
0x00007ffbf25f0000 - 0x00007ffbf299d000 	C:\Windows\System32\KERNELBASE.dll
0x00007ffbf29a0000 - 0x00007ffbf2ab1000 	C:\Windows\System32\ucrtbase.dll
0x00007ffbc4750000 - 0x00007ffbc4768000 	C:\Program Files\Eclipse Adoptium\jdk-21.0.1.12-hotspot\bin\jli.dll
0x00007ffbc4580000 - 0x00007ffbc459b000 	C:\Program Files\Eclipse Adoptium\jdk-21.0.1.12-hotspot\bin\VCRUNTIME140.dll
0x00007ffbf36a0000 - 0x00007ffbf384e000 	C:\Windows\System32\USER32.dll
0x00007ffbf2cb0000 - 0x00007ffbf2cd6000 	C:\Windows\System32\win32u.dll
0x00007ffbf2ef0000 - 0x00007ffbf2f19000 	C:\Windows\System32\GDI32.dll
0x00007ffbf22d0000 - 0x00007ffbf23e9000 	C:\Windows\System32\gdi32full.dll
0x00007ffbf23f0000 - 0x00007ffbf248a000 	C:\Windows\System32\msvcp_win.dll
0x00007ffbdd510000 - 0x00007ffbdd7a3000 	C:\Windows\WinSxS\amd64_microsoft.windows.common-controls_6595b64144ccf1df_6.0.22621.3672_none_2713b9d173822955\COMCTL32.dll
0x00007ffbf3f70000 - 0x00007ffbf4017000 	C:\Windows\System32\msvcrt.dll
0x00007ffbf33a0000 - 0x00007ffbf33d1000 	C:\Windows\System32\IMM32.DLL
0x00007ffbebc40000 - 0x00007ffbebc4c000 	C:\Program Files\Eclipse Adoptium\jdk-21.0.1.12-hotspot\bin\vcruntime140_1.dll
0x00007ffbaa1a0000 - 0x00007ffbaa22e000 	C:\Program Files\Eclipse Adoptium\jdk-21.0.1.12-hotspot\bin\msvcp140.dll
0x00007ffb8bd50000 - 0x00007ffb8cad1000 	C:\Program Files\Eclipse Adoptium\jdk-21.0.1.12-hotspot\bin\server\jvm.dll
0x00007ffbf3e90000 - 0x00007ffbf3f42000 	C:\Windows\System32\ADVAPI32.dll
0x00007ffbf35f0000 - 0x00007ffbf3699000 	C:\Windows\System32\sechost.dll
0x00007ffbf25c0000 - 0x00007ffbf25e8000 	C:\Windows\System32\bcrypt.dll
0x00007ffbf39e0000 - 0x00007ffbf3af4000 	C:\Windows\System32\RPCRT4.dll
0x00007ffbf4bc0000 - 0x00007ffbf4c31000 	C:\Windows\System32\WS2_32.dll
0x00007ffbec950000 - 0x00007ffbec984000 	C:\Windows\SYSTEM32\WINMM.dll
0x00007ffbf1b80000 - 0x00007ffbf1bcd000 	C:\Windows\SYSTEM32\POWRPROF.dll
0x00007ffbebb90000 - 0x00007ffbebb9a000 	C:\Windows\SYSTEM32\VERSION.dll
0x00007ffbf1b60000 - 0x00007ffbf1b73000 	C:\Windows\SYSTEM32\UMPDC.dll
0x00007ffbf12e0000 - 0x00007ffbf12f8000 	C:\Windows\SYSTEM32\kernel.appcore.dll
0x00007ffbd80b0000 - 0x00007ffbd80ba000 	C:\Program Files\Eclipse Adoptium\jdk-21.0.1.12-hotspot\bin\jimage.dll
0x00007ffbef9c0000 - 0x00007ffbefbf2000 	C:\Windows\SYSTEM32\DBGHELP.DLL
0x00007ffbf3b00000 - 0x00007ffbf3e8e000 	C:\Windows\System32\combase.dll
0x00007ffbf3510000 - 0x00007ffbf35e7000 	C:\Windows\System32\OLEAUT32.dll
0x00007ffbbdfc0000 - 0x00007ffbbdff2000 	C:\Windows\SYSTEM32\dbgcore.DLL
0x00007ffbf2ac0000 - 0x00007ffbf2b3b000 	C:\Windows\System32\bcryptPrimitives.dll
0x00007ffbc4520000 - 0x00007ffbc453f000 	C:\Program Files\Eclipse Adoptium\jdk-21.0.1.12-hotspot\bin\java.dll

dbghelp: loaded successfully - version: 4.0.5 - missing functions: none
symbol engine: initialized successfully - sym options: 0x614 - pdb path: .;C:\Program Files\Eclipse Adoptium\jdk-21.0.1.12-hotspot\bin;C:\Windows\SYSTEM32;C:\Windows\WinSxS\amd64_microsoft.windows.common-controls_6595b64144ccf1df_6.0.22621.3672_none_2713b9d173822955;C:\Program Files\Eclipse Adoptium\jdk-21.0.1.12-hotspot\bin\server

VM Arguments:
jvm_args: -XX:TieredStopAtLevel=1 
java_command: pe.edu.upeu.asistencia.SysAsistenciaAnApplication
java_class_path (initial): C:\Users\alexc\Documents\C6-ExamenProyecto-main\C6-ExamenProyecto-main\SysAsistenciaAn\target\classes;C:\Users\alexc\.m2\repository\org\aspectj\aspectjweaver\1.9.19\aspectjweaver-1.9.19.jar;C:\Users\alexc\.m2\repository\com\zaxxer\HikariCP\5.0.1\HikariCP-5.0.1.jar;C:\Users\alexc\.m2\repository\org\springframework\spring-jdbc\6.0.10\spring-jdbc-6.0.10.jar;C:\Users\alexc\.m2\repository\org\hibernate\orm\hibernate-core\6.2.5.Final\hibernate-core-6.2.5.Final.jar;C:\Users\alexc\.m2\repository\jakarta\persistence\jakarta.persistence-api\3.1.0\jakarta.persistence-api-3.1.0.jar;C:\Users\alexc\.m2\repository\jakarta\transaction\jakarta.transaction-api\2.0.1\jakarta.transaction-api-2.0.1.jar;C:\Users\alexc\.m2\repository\org\jboss\logging\jboss-logging\3.5.1.Final\jboss-logging-3.5.1.Final.jar;C:\Users\alexc\.m2\repository\org\hibernate\common\hibernate-commons-annotations\6.0.6.Final\hibernate-commons-annotations-6.0.6.Final.jar;C:\Users\alexc\.m2\repository\io\smallrye\jandex\3.0.5\jandex-3.0.5.jar;C:\Users\alexc\.m2\repository\com\fasterxml\classmate\1.5.1\classmate-1.5.1.jar;C:\Users\alexc\.m2\repository\net\bytebuddy\byte-buddy\1.14.5\byte-buddy-1.14.5.jar;C:\Users\alexc\.m2\repository\org\glassfish\jaxb\jaxb-runtime\4.0.3\jaxb-runtime-4.0.3.jar;C:\Users\alexc\.m2\repository\org\glassfish\jaxb\jaxb-core\4.0.3\jaxb-core-4.0.3.jar;C:\Users\alexc\.m2\repository\org\eclipse\angus\angus-activation\2.0.1\angus-activation-2.0.1.jar;C:\Users\alexc\.m2\repository\org\glassfish\jaxb\txw2\4.0.3\txw2-4.0.3.jar;C:\Users\alexc\.m2\repository\com\sun\istack\istack-commons-runtime\4.1.2\istack-commons-runtime-4.1.2.jar;C:\Users\alexc\.m2\repository\jakarta\inject\jakarta.inject-api\2.0.1\jakarta.inject-api-2.0.1.jar;C:\Users\alexc\.m2\repository\org\antlr\antlr4-runtime\4.10.1\antlr4-runtime-4.10.1.jar;C:\Users\alexc\.m2\repository\org\springframework\data\spring-data-jpa\3.1.1\spring-data-jpa-3.1.1.jar;C:\Users\alexc\.m2\repository\org\springframework\data\spring-data-commons\3.1.1\spring-data-commons-3.1.1.jar;C:\Users\alexc\.m2\repository\org\springframework\spring-orm\6.0.10\spring-orm-6.0.10.jar;C:\Users\alexc\.m2\repository\org\springframework\spring-context\6.0.10\spring-context-6.0.10.jar;C:\Users\alexc\.m2\repository\org\springframework\spring-tx\6.0.10\spring-tx-6.0.10.jar;C:\Users\alexc\.m2\repository\org\springframework\spring-beans\6.0.10\spring-beans-6.0.10.jar;C:\Users\alexc\.m2\repository\jakarta\annotation\jakarta.annotation-api\2.1.1\jakarta.annotation-api-2.1.1.jar;C:\Users\alexc\.m2\repository\org\springframework\spring-aspects\6.0.10\spring-aspects-6.0.10.jar;C:\Users\alexc\.m2\repository\org\yaml\snakeyaml\1.33\snakeyaml-1.33.jar;C:\Users\alexc\.m2\repository\org\springframework\spring-aop\6.0.10\spring-aop-6.0.10.jar;C:\Users\alexc\.m2\repository\org\springframework\security\spring-security-config\6.1.1\spring-security-config-6.1.1.jar;C:\Users\alexc\.m2\repository\org\springframework\security\spring-security-web\6.1.1\spring-security-web-6.1.1.jar;C:\Users\alexc\.m2\repository\org\springframework\spring-expression\6.0.10\spring-expression-6.0.10.jar;C:\Users\alexc\.m2\repository\com\fasterxml\jackson\datatype\jackson-datatype-jdk8\2.15.2\jackson-datatype-jdk8-2.15.2.jar;C:\Users\alexc\.m2\repository\com\fasterxml\jackson\datatype\jackson-datatype-jsr310\2.15.2\jackson-datatype-jsr310-2.15.2.jar;C:\Users\alexc\.m2\repository\com\fasterxml\jackson\module\jackson-module-parameter-names\2.15.2\jackson-module-parameter-names-2.15.2.jar;C:\Users\alexc\.m2\repository\org\apache\tomcat\embed\tomcat-embed-core\10.1.10\tomcat-embed-core-10.1.10.jar;C:\Users\alexc\.m2\repository\org\apache\tomcat\embed\tomcat-embed-el\10.1.10\tomcat-embed-el-10.1.10.jar;C:\Users\alexc\.m2\repository\org\apache\tomcat\embed\tomcat-embed-websocket\10.1.10\tomcat-embed-websocket-10.1.10.jar;C:\Users\alexc\.m2\repository\org\springframework\spring-web\6.0.10\spring-web-6.0.10.jar;C:\Users\alexc\.m2\repository\io\micrometer\micrometer-observation\1.11.1\micrometer-observation-1.11.1.jar;C:\Users\alexc\.m2\repository\io\micrometer\micrometer-commons\1.11.1\micrometer-commons-1.11.1.jar;C:\Users\alexc\.m2\repository\org\springframework\spring-webmvc\6.0.10\spring-webmvc-6.0.10.jar;C:\Users\alexc\.m2\repository\org\springframework\boot\spring-boot-devtools\3.1.1\spring-boot-devtools-3.1.1.jar;C:\Users\alexc\.m2\repository\org\springframework\boot\spring-boot\3.1.1\spring-boot-3.1.1.jar;C:\Users\alexc\.m2\repository\org\springframework\boot\spring-boot-autoconfigure\3.1.1\spring-boot-autoconfigure-3.1.1.jar;C:\Users\alexc\.m2\repository\org\springdoc\springdoc-openapi-starter-webmvc-ui\2.1.0\springdoc-openapi-starter-webmvc-ui-2.1.0.jar;C:\Users\alexc\.m2\repository\org\springdoc\springdoc-openapi-starter-webmvc-api\2.1.0\springdoc-openapi-starter-webmvc-api-2.1.0.jar;C:\Users\alexc\.m2\repository\org\springdoc\springdoc-openapi-starter-common\2.1.0\springdoc-openapi-starter-common-2.1.0.jar;C:\Users\alexc\.m2\repository\io\swagger\core\v3\swagger-core-jakarta\2.2.9\swagger-core-jakarta-2.2.9.jar;C:\Users\alexc\.m2\repository\io\swagger\core\v3\swagger-annotations-jakarta\2.2.9\swagger-annotations-jakarta-2.2.9.jar;C:\Users\alexc\.m2\repository\io\swagger\core\v3\swagger-models-jakarta\2.2.9\swagger-models-jakarta-2.2.9.jar;C:\Users\alexc\.m2\repository\jakarta\validation\jakarta.validation-api\3.0.2\jakarta.validation-api-3.0.2.jar;C:\Users\alexc\.m2\repository\com\fasterxml\jackson\dataformat\jackson-dataformat-yaml\2.15.2\jackson-dataformat-yaml-2.15.2.jar;C:\Users\alexc\.m2\repository\org\webjars\swagger-ui\4.18.2\swagger-ui-4.18.2.jar;C:\Users\alexc\.m2\repository\com\mysql\mysql-connector-j\8.0.33\mysql-connector-j-8.0.33.jar;C:\Users\alexc\.m2\repository\jakarta\xml\bind\jakarta.xml.bind-api\4.0.0\jakarta.xml.bind-api-4.0.0.jar;C:\Users\alexc\.m2\repository\jakarta\activation\jakarta.activation-api\2.1.2\jakarta.activation-api-2.1.2.jar;C:\Users\alexc\.m2\repository\org\springframework\spring-core\6.0.10\spring-core-6.0.10.jar;C:\Users\alexc\.m2\repository\org\springframework\security\spring-security-core\6.1.1\spring-security-core-6.1.1.jar;C:\Users\alexc\.m2\repository\org\springframework\security\spring-security-crypto\6.1.1\spring-security-crypto-6.1.1.jar;C:\Users\alexc\.m2\repository\com\auth0\java-jwt\4.4.0\java-jwt-4.4.0.jar;C:\Users\alexc\.m2\repository\com\fasterxml\jackson\core\jackson-databind\2.15.2\jackson-databind-2.15.2.jar;C:\Users\alexc\.m2\repository\com\fasterxml\jackson\core\jackson-annotations\2.15.2\jackson-annotations-2.15.2.jar;C:\Users\alexc\.m2\repository\com\fasterxml\jackson\core\jackson-core\2.15.2\jackson-core-2.15.2.jar;C:\Users\alexc\.m2\repository\org\mapstruct\mapstruct\1.5.5.Final\mapstruct-1.5.5.Final.jar;C:\Users\alexc\.m2\repository\org\springframework\session\spring-session-core\3.1.1\spring-session-core-3.1.1.jar;C:\Users\alexc\.m2\repository\org\springframework\spring-jcl\6.0.10\spring-jcl-6.0.10.jar;C:\Users\alexc\.m2\repository\com\h2database\h2\2.1.214\h2-2.1.214.jar;C:\Users\alexc\.m2\repository\org\apache\commons\commons-lang3\3.12.0\commons-lang3-3.12.0.jar;C:\Users\alexc\.m2\repository\com\google\code\gson\gson\2.10.1\gson-2.10.1.jar;C:\Users\alexc\.m2\repository\org\slf4j\slf4j-api\2.0.7\slf4j-api-2.0.7.jar;C:\Users\alexc\.m2\repository\ch\qos\logback\logback-classic\1.4.8\logback-classic-1.4.8.jar;C:\Users\alexc\.m2\repository\ch\qos\logback\logback-core\1.4.8\logback-core-1.4.8.jar;C:\Users\alexc\.m2\repository\org\apache\logging\log4j\log4j-to-slf4j\2.20.0\log4j-to-slf4j-2.20.0.jar;C:\Users\alexc\.m2\repository\org\apache\logging\log4j\log4j-api\2.20.0\log4j-api-2.20.0.jar;C:\Users\alexc\.m2\repository\org\slf4j\jul-to-slf4j\2.0.7\jul-to-slf4j-2.0.7.jar
Launcher Type: SUN_STANDARD

[Global flags]
     intx CICompilerCount                          = 4                                         {product} {ergonomic}
     uint ConcGCThreads                            = 2                                         {product} {ergonomic}
     uint G1ConcRefinementThreads                  = 8                                         {product} {ergonomic}
   size_t G1HeapRegionSize                         = 1048576                                   {product} {ergonomic}
    uintx GCDrainStackTargetSize                   = 64                                        {product} {ergonomic}
   size_t InitialHeapSize                          = 132120576                                 {product} {ergonomic}
   size_t MarkStackSize                            = 4194304                                   {product} {ergonomic}
   size_t MaxHeapSize                              = 2090860544                                {product} {ergonomic}
   size_t MinHeapDeltaBytes                        = 1048576                                   {product} {ergonomic}
   size_t MinHeapSize                              = 8388608                                   {product} {ergonomic}
    uintx NonNMethodCodeHeapSize                   = 4096                                   {pd product} {ergonomic}
    uintx NonProfiledCodeHeapSize                  = 0                                      {pd product} {ergonomic}
     bool ProfileInterpreter                       = false                                  {pd product} {command line}
    uintx ProfiledCodeHeapSize                     = 0                                      {pd product} {ergonomic}
   size_t SoftMaxHeapSize                          = 2090860544                             {manageable} {ergonomic}
     intx TieredStopAtLevel                        = 1                                         {product} {command line}
     bool UseCompressedOops                        = true                           {product lp64_product} {ergonomic}
     bool UseG1GC                                  = true                                      {product} {ergonomic}
     bool UseLargePagesIndividualAllocation        = false                                  {pd product} {ergonomic}

Logging:
Log output configuration:
 #0: stdout all=warning uptime,level,tags foldmultilines=false
 #1: stderr all=off uptime,level,tags foldmultilines=false

Environment Variables:
JAVA_HOME=C:\Program Files\Eclipse Adoptium\jdk-21.0.1.12-hotspot\
CLASSPATH=D:\LINGO64_21\Lingo21.jar
PATH=C:\apache-maven-3.9.9\bin;C:\app\alexc\product\21c\dbhomeXE\bin;C:\Program Files (x86)\Common Files\Oracle\Java\javapath;C:\Windows\system32;C:\Windows;C:\Windows\System32\Wbem;C:\Windows\System32\WindowsPowerShell\v1.0\;C:\Windows\System32\OpenSSH\;C:\Program Files\Git\cmd;C:\xampp\php;C:\composer;C:\Program Files (x86)\Microchip\MPLAB C32 Suite\bin;D:\LINGO64_21\;D:\Program Files\;C:\Program Files\dotnet\;D:\Putty\;C:\Users\alexc\AppData\Local\Microsoft\WindowsApps;C:\Users\alexc\AppData\Local\Programs\Microsoft VS Code\bin;C:\Users\alexc\AppData\Roaming\Composer\vendor\bin;C:\Users\alexc\AppData\Local\GitHubDesktop\bin;C:\Users\alexc\AppData\Roaming\npm
USERNAME=alexc
OS=Windows_NT
PROCESSOR_IDENTIFIER=Intel64 Family 6 Model 140 Stepping 1, GenuineIntel
TMP=C:\Users\alexc\AppData\Local\Temp
TEMP=C:\Users\alexc\AppData\Local\Temp




Periodic native trim disabled

---------------  S Y S T E M  ---------------

OS:
 Windows 11 , 64 bit Build 22621 (10.0.22621.3958)
OS uptime: 6 days 5:37 hours
Hyper-V role detected

CPU: total 8 (initial active 8) (4 cores per cpu, 2 threads per core) family 6 model 140 stepping 1 microcode 0x8a, cx8, cmov, fxsr, ht, mmx, 3dnowpref, sse, sse2, sse3, ssse3, sse4.1, sse4.2, popcnt, lzcnt, tsc, tscinvbit, avx, avx2, aes, erms, clmul, bmi1, bmi2, adx, avx512f, avx512dq, avx512cd, avx512bw, avx512vl, sha, fma, vzeroupper, avx512_vpopcntdq, avx512_vpclmulqdq, avx512_vaes, avx512_vnni, clflush, clflushopt, clwb, avx512_vbmi2, avx512_vbmi, hv, rdtscp, rdpid, fsrm, gfni, avx512_bitalg, f16c, cet_ibt, cet_ss, avx512_ifma
Processor Information for all 8 processors :
  Max Mhz: 2419, Current Mhz: 2419, Mhz Limit: 2419

Memory: 4k page, system-wide physical 7975M (556M free)
TotalPageFile size 25895M (AvailPageFile size 118M)
current process WorkingSet (physical memory assigned to process): 11M, peak: 11M
current process commit charge ("private bytes"): 55M, peak: 181M

vm_info: OpenJDK 64-Bit Server VM (21.0.1+12-LTS) for windows-amd64 JRE (21.0.1+12-LTS), built on 2023-10-17T00:00:00Z by "admin" with unknown MS VC++:1937

END.
